c:\users\hanuman\desktop\new\pue_attack_v12.1\pue_attack_workspace\src\simulation\ip\x64\debug\vc142.pdb
c:\users\hanuman\desktop\new\pue_attack_v12.1\pue_attack_workspace\src\simulation\ip\x64\debug\vc142.idb
c:\users\hanuman\desktop\new\pue_attack_v12.1\pue_attack_workspace\src\simulation\ip\x64\debug\pim_route_msg.obj
c:\users\hanuman\desktop\new\pue_attack_v12.1\pue_attack_workspace\src\simulation\ip\x64\debug\pim_route.obj
c:\users\hanuman\desktop\new\pue_attack_v12.1\pue_attack_workspace\src\simulation\ip\x64\debug\pim_print.obj
c:\users\hanuman\desktop\new\pue_attack_v12.1\pue_attack_workspace\src\simulation\ip\x64\debug\pim_neighbor.obj
c:\users\hanuman\desktop\new\pue_attack_v12.1\pue_attack_workspace\src\simulation\ip\x64\debug\pim_msg.obj
c:\users\hanuman\desktop\new\pue_attack_v12.1\pue_attack_workspace\src\simulation\ip\x64\debug\pim_join.obj
c:\users\hanuman\desktop\new\pue_attack_v12.1\pue_attack_workspace\src\simulation\ip\x64\debug\pim_hello.obj
c:\users\hanuman\desktop\new\pue_attack_v12.1\pue_attack_workspace\src\simulation\ip\x64\debug\pim_group.obj
c:\users\hanuman\desktop\new\pue_attack_v12.1\pue_attack_workspace\src\simulation\ip\x64\debug\pim_config.obj
c:\users\hanuman\desktop\new\pue_attack_v12.1\pue_attack_workspace\src\simulation\ip\x64\debug\nat.obj
c:\users\hanuman\desktop\new\pue_attack_v12.1\pue_attack_workspace\src\simulation\ip\x64\debug\multicast.obj
c:\users\hanuman\desktop\new\pue_attack_v12.1\pue_attack_workspace\src\simulation\ip\x64\debug\ip_utility.obj
c:\users\hanuman\desktop\new\pue_attack_v12.1\pue_attack_workspace\src\simulation\ip\x64\debug\igmp_router.obj
c:\users\hanuman\desktop\new\pue_attack_v12.1\pue_attack_workspace\src\simulation\ip\x64\debug\igmp_msg.obj
c:\users\hanuman\desktop\new\pue_attack_v12.1\pue_attack_workspace\src\simulation\ip\x64\debug\igmp_host.obj
c:\users\hanuman\desktop\new\pue_attack_v12.1\pue_attack_workspace\src\simulation\ip\x64\debug\igmp.obj
c:\users\hanuman\desktop\new\pue_attack_v12.1\pue_attack_workspace\src\simulation\ip\x64\debug\icmp.obj
c:\users\hanuman\desktop\new\pue_attack_v12.1\pue_attack_workspace\src\simulation\ip\x64\debug\dns.obj
c:\users\hanuman\desktop\new\pue_attack_v12.1\pue_attack_workspace\src\simulation\ip\x64\debug\vpn.obj
c:\users\hanuman\desktop\new\pue_attack_v12.1\pue_attack_workspace\src\simulation\ip\x64\debug\pim_sm.obj
c:\users\hanuman\desktop\new\pue_attack_v12.1\pue_attack_workspace\src\simulation\ip\x64\debug\ip.tlog\cl.command.1.tlog
c:\users\hanuman\desktop\new\pue_attack_v12.1\pue_attack_workspace\src\simulation\ip\x64\debug\ip.tlog\cl.read.1.tlog
c:\users\hanuman\desktop\new\pue_attack_v12.1\pue_attack_workspace\src\simulation\ip\x64\debug\ip.tlog\cl.write.1.tlog
