C:\Program Files (x86)\Microsoft Visual Studio\2019\Community\MSBuild\Microsoft\VC\v160\Microsoft.CppBuild.targets(438,5): warning MSB8004: Output Directory does not end with a trailing slash.  This build instance will add the slash as it is required to allow proper evaluation of the Output Directory.
  802_22.c
  DCD.c
D:\New\PUE_Attack_v12.1\PUE_Attack_Workspace\src\Simulation\CognitiveRadio\802_22.h(1224,1): warning C4995:  'PROPAGATION_HANDLE': name was marked as #pragma deprecated
  DSFrame.c
D:\New\PUE_Attack_v12.1\PUE_Attack_Workspace\src\Simulation\CognitiveRadio\802_22.h(1224,1): warning C4995:  'PROPAGATION_HANDLE': name was marked as #pragma deprecated
  DSMAP.c
D:\New\PUE_Attack_v12.1\PUE_Attack_Workspace\src\Simulation\CognitiveRadio\802_22.h(1224,1): warning C4995:  'PROPAGATION_HANDLE': name was marked as #pragma deprecated
  DSx.c
D:\New\PUE_Attack_v12.1\PUE_Attack_Workspace\src\Simulation\CognitiveRadio\802_22.h(1224,1): warning C4995:  'PROPAGATION_HANDLE': name was marked as #pragma deprecated
  FCH.c
D:\New\PUE_Attack_v12.1\PUE_Attack_Workspace\src\Simulation\CognitiveRadio\802_22.h(1224,1): warning C4995:  'PROPAGATION_HANDLE': name was marked as #pragma deprecated
  Fragmentation.c
D:\New\PUE_Attack_v12.1\PUE_Attack_Workspace\src\Simulation\CognitiveRadio\802_22.h(1224,1): warning C4995:  'PROPAGATION_HANDLE': name was marked as #pragma deprecated
  Incumbent.c
D:\New\PUE_Attack_v12.1\PUE_Attack_Workspace\src\Simulation\CognitiveRadio\802_22.h(1224,1): warning C4995:  'PROPAGATION_HANDLE': name was marked as #pragma deprecated
  OFDMA.c
D:\New\PUE_Attack_v12.1\PUE_Attack_Workspace\src\Simulation\CognitiveRadio\802_22.h(1224,1): warning C4995:  'PROPAGATION_HANDLE': name was marked as #pragma deprecated
  PacketForward.c
D:\New\PUE_Attack_v12.1\PUE_Attack_Workspace\src\Simulation\CognitiveRadio\802_22.h(1224,1): warning C4995:  'PROPAGATION_HANDLE': name was marked as #pragma deprecated
  PropagationModel.c
D:\New\PUE_Attack_v12.1\PUE_Attack_Workspace\src\Simulation\CognitiveRadio\802_22.h(1224,1): warning C4995:  'PROPAGATION_HANDLE': name was marked as #pragma deprecated
D:\New\PUE_Attack_v12.1\PUE_Attack_Workspace\src\Simulation\CognitiveRadio\802_22.h(1224,1): warning C4995:  'PROPAGATION_HANDLE': name was marked as #pragma deprecated
D:\New\PUE_Attack_v12.1\PUE_Attack_Workspace\src\Simulation\CognitiveRadio\802_22.h(1224,1): warning C4995: D:\New\PUE_Attack_v12.1\PUE_Attack_Workspace\src\Simulation\CognitiveRadio\PropagationModel.c(22) : Warning Msg: get_tx_info function is deprcated. Use _get_tx_info
D:\New\PUE_Attack_v12.1\PUE_Attack_Workspace\src\Simulation\CognitiveRadio\802_22.h(1224,1): warning C4995: D:\New\PUE_Attack_v12.1\PUE_Attack_Workspace\src\Simulation\CognitiveRadio\PropagationModel.c(25) : Warning Msg: propagation_calculate_received_power function is deprcated. Use _propagation_calculate_received_power
D:\New\PUE_Attack_v12.1\PUE_Attack_Workspace\src\Simulation\CognitiveRadio\PropagationModel.c(22,1): warning C4996:  'get_propagation_info': get_propagation_info is deprected.
D:\New\PUE_Attack_v12.1\PUE_Attack_Workspace\src\Simulation\Include\PropagationModel.h(359): message :  see declaration of 'get_propagation_info'
D:\New\PUE_Attack_v12.1\PUE_Attack_Workspace\src\Simulation\CognitiveRadio\PropagationModel.c(24,1): warning C4996:  'get_propagation_info': get_propagation_info is deprected.
  SCH.c
D:\New\PUE_Attack_v12.1\PUE_Attack_Workspace\src\Simulation\Include\PropagationModel.h(359): message :  see declaration of 'get_propagation_info'
  SpectrumManager.c
D:\New\PUE_Attack_v12.1\PUE_Attack_Workspace\src\Simulation\CognitiveRadio\802_22.h(1224,1): warning C4995:  'PROPAGATION_HANDLE': name was marked as #pragma deprecated
D:\New\PUE_Attack_v12.1\PUE_Attack_Workspace\src\Simulation\CognitiveRadio\802_22.h(1224,1): warning C4995:  'PROPAGATION_HANDLE': name was marked as #pragma deprecated
D:\New\PUE_Attack_v12.1\PUE_Attack_Workspace\src\Simulation\CognitiveRadio\SpectrumManager.c(309,38): warning C4244:  '=': conversion from 'double' to 'int', possible loss of data
  UCD.c
D:\New\PUE_Attack_v12.1\PUE_Attack_Workspace\src\Simulation\CognitiveRadio\SpectrumManager.c(314,70): warning C4244:  '=': conversion from 'double' to 'int', possible loss of data
  USFrame.c
D:\New\PUE_Attack_v12.1\PUE_Attack_Workspace\src\Simulation\CognitiveRadio\802_22.h(1224,1): warning C4995:  'PROPAGATION_HANDLE': name was marked as #pragma deprecated
  USMAP.c
D:\New\PUE_Attack_v12.1\PUE_Attack_Workspace\src\Simulation\CognitiveRadio\802_22.h(1224,1): warning C4995:  'PROPAGATION_HANDLE': name was marked as #pragma deprecated
  Generating Code...
D:\New\PUE_Attack_v12.1\PUE_Attack_Workspace\src\Simulation\CognitiveRadio\802_22.h(1224,1): warning C4995:  'PROPAGATION_HANDLE': name was marked as #pragma deprecated
C:\Program Files (x86)\Microsoft Visual Studio\2019\Community\MSBuild\Microsoft\VC\v160\Microsoft.CppBuild.targets(1264,5): warning MSB8012: TargetPath(D:\New\PUE_Attack_v12.1\PUE_Attack_Workspace\src\Simulation\CognitiveRadio\..\..\..\bin\bin_x64\CognitiveRadio.dll) does not match the Linker's OutputFile property value (D:\New\PUE_Attack_v12.1\PUE_Attack_Workspace\bin\bin_x64\libCognitiveRadio.dll). This may cause your project to build incorrectly. To correct this, please make sure that $(OutDir), $(TargetName) and $(TargetExt) property values match the value specified in %(Link.OutputFile).
C:\Program Files (x86)\Microsoft Visual Studio\2019\Community\MSBuild\Microsoft\VC\v160\Microsoft.CppBuild.targets(1266,5): warning MSB8012: TargetName(CognitiveRadio) does not match the Linker's OutputFile property value (libCognitiveRadio). This may cause your project to build incorrectly. To correct this, please make sure that $(OutDir), $(TargetName) and $(TargetExt) property values match the value specified in %(Link.OutputFile).
802_22.obj : warning LNK4075: ignoring '/EDITANDCONTINUE' due to '/INCREMENTAL:NO' specification
  CognitiveRadio.lib(802_22_lib.obj) : MSIL .netmodule or module compiled with /GL found; restarting link with /LTCG; add /LTCG to the link command line to improve linker performance
802_22.obj : warning LNK4075: ignoring '/EDITANDCONTINUE' due to '/INCREMENTAL:NO' specification
     Creating library ..\..\..\bin\bin_x64\CognitiveRadio.lib and object ..\..\..\bin\bin_x64\CognitiveRadio.exp
LINK : warning LNK4098: defaultlib 'MSVCRT' conflicts with use of other libs; use /NODEFAULTLIB:library
  Generating code
  Finished generating code
CognitiveRadio.lib(802_22_lib.obj) : warning LNK4099: PDB 'CognitiveRadioLib.pdb' was not found with 'CognitiveRadio.lib(802_22_lib.obj)' or at 'D:\New\PUE_Attack_v12.1\PUE_Attack_Workspace\bin\bin_x64\CognitiveRadioLib.pdb'; linking object as if no debug info
  CognitiveRadio.vcxproj -> D:\New\PUE_Attack_v12.1\PUE_Attack_Workspace\src\Simulation\CognitiveRadio\..\..\..\bin\bin_x64\CognitiveRadio.dll
